# JRE version: Java(TM) SE Runtime Environment (8.0_151-b12) (build 1.8.0_151-b12)
# Java VM: Java HotSpot(TM) 64-Bit Server VM (25.151-b12 mixed mode bsd-amd64 compressed oops)
# JRE version: Java(TM) SE Runtime Environment (8.0_151-b12) (build 1.8.0_151-b12)
# Java VM: Java HotSpot(TM) 64-Bit Server VM (25.151-b12 mixed mode bsd-amd64 compressed oops)
Heap:
 PSYoungGen      total 564736K, used 19670K [0x0000000795580000, 0x00000007bf780000, 0x00000007c0000000)
  eden space 544768K, 0% used [0x0000000795580000,0x0000000795580000,0x00000007b6980000)
  from space 19968K, 98% used [0x00000007b6980000,0x00000007b7cb5a10,0x00000007b7d00000)
  to   space 72704K, 0% used [0x00000007bb080000,0x00000007bb080000,0x00000007bf780000)
 ParOldGen       total 191488K, used 137264K [0x0000000740000000, 0x000000074bb00000, 0x0000000795580000)
  object space 191488K, 71% used [0x0000000740000000,0x000000074860c0d0,0x000000074bb00000)
 Metaspace       used 43836K, capacity 45586K, committed 45656K, reserved 1089536K
  class space    used 5324K, capacity 5612K, committed 5632K, reserved 1048576K
GC Heap History (10 events):
Event: 54.010 GC heap after
Heap after GC invocations=24 (full 3):
 PSYoungGen      total 611840K, used 34359K [0x0000000795580000, 0x00000007c0000000, 0x00000007c0000000)
  eden space 534528K, 0% used [0x0000000795580000,0x0000000795580000,0x00000007b5f80000)
  from space 77312K, 44% used [0x00000007b5f80000,0x00000007b810df98,0x00000007bab00000)
  to   space 75264K, 0% used [0x00000007bb680000,0x00000007bb680000,0x00000007c0000000)
 ParOldGen       total 191488K, used 137232K [0x0000000740000000, 0x000000074bb00000, 0x0000000795580000)
  object space 191488K, 71% used [0x0000000740000000,0x00000007486040d0,0x000000074bb00000)
 Metaspace       used 40321K, capacity 41992K, committed 42112K, reserved 1085440K
  class space    used 4923K, capacity 5182K, committed 5248K, reserved 1048576K
}
Event: 55.308 GC heap before
{Heap before GC invocations=25 (full 3):
 PSYoungGen      total 611840K, used 568887K [0x0000000795580000, 0x00000007c0000000, 0x00000007c0000000)
  eden space 534528K, 100% used [0x0000000795580000,0x00000007b5f80000,0x00000007b5f80000)
  from space 77312K, 44% used [0x00000007b5f80000,0x00000007b810df98,0x00000007bab00000)
  to   space 75264K, 0% used [0x00000007bb680000,0x00000007bb680000,0x00000007c0000000)
 ParOldGen       total 191488K, used 137232K [0x0000000740000000, 0x000000074bb00000, 0x0000000795580000)
  object space 191488K, 71% used [0x0000000740000000,0x00000007486040d0,0x000000074bb00000)
 Metaspace       used 40816K, capacity 42512K, committed 42624K, reserved 1087488K
  class space    used 5004K, capacity 5248K, committed 5248K, reserved 1048576K
Event: 55.332 GC heap after
Heap after GC invocations=25 (full 3):
 PSYoungGen      total 617472K, used 47568K [0x0000000795580000, 0x00000007c0000000, 0x00000007c0000000)
  eden space 542208K, 0% used [0x0000000795580000,0x0000000795580000,0x00000007b6700000)
  from space 75264K, 63% used [0x00000007bb680000,0x00000007be4f4270,0x00000007c0000000)
  to   space 78336K, 0% used [0x00000007b6700000,0x00000007b6700000,0x00000007bb380000)
 ParOldGen       total 191488K, used 137240K [0x0000000740000000, 0x000000074bb00000, 0x0000000795580000)
  object space 191488K, 71% used [0x0000000740000000,0x00000007486060d0,0x000000074bb00000)
 Metaspace       used 40816K, capacity 42512K, committed 42624K, reserved 1087488K
  class space    used 5004K, capacity 5248K, committed 5248K, reserved 1048576K
}
Event: 56.843 GC heap before
{Heap before GC invocations=26 (full 3):
 PSYoungGen      total 617472K, used 589776K [0x0000000795580000, 0x00000007c0000000, 0x00000007c0000000)
  eden space 542208K, 100% used [0x0000000795580000,0x00000007b6700000,0x00000007b6700000)
  from space 75264K, 63% used [0x00000007bb680000,0x00000007be4f4270,0x00000007c0000000)
  to   space 78336K, 0% used [0x00000007b6700000,0x00000007b6700000,0x00000007bb380000)
 ParOldGen       total 191488K, used 137240K [0x0000000740000000, 0x000000074bb00000, 0x0000000795580000)
  object space 191488K, 71% used [0x0000000740000000,0x00000007486060d0,0x000000074bb00000)
 Metaspace       used 42398K, capacity 44102K, committed 44416K, reserved 1087488K
  class space    used 5172K, capacity 5449K, committed 5504K, reserved 1048576K
Event: 56.881 GC heap after
Heap after GC invocations=26 (full 3):
 PSYoungGen      total 586752K, used 44259K [0x0000000795580000, 0x00000007c0000000, 0x00000007c0000000)
  eden space 542208K, 0% used [0x0000000795580000,0x0000000795580000,0x00000007b6700000)
  from space 44544K, 99% used [0x00000007b6700000,0x00000007b9238de0,0x00000007b9280000)
  to   space 78848K, 0% used [0x00000007bb300000,0x00000007bb300000,0x00000007c0000000)
 ParOldGen       total 191488K, used 137248K [0x0000000740000000, 0x000000074bb00000, 0x0000000795580000)
  object space 191488K, 71% used [0x0000000740000000,0x00000007486080d0,0x000000074bb00000)
 Metaspace       used 42398K, capacity 44102K, committed 44416K, reserved 1087488K
  class space    used 5172K, capacity 5449K, committed 5504K, reserved 1048576K
}
Event: 71.208 GC heap before
{Heap before GC invocations=27 (full 3):
 PSYoungGen      total 586752K, used 586467K [0x0000000795580000, 0x00000007c0000000, 0x00000007c0000000)
  eden space 542208K, 100% used [0x0000000795580000,0x00000007b6700000,0x00000007b6700000)
  from space 44544K, 99% used [0x00000007b6700000,0x00000007b9238de0,0x00000007b9280000)
  to   space 78848K, 0% used [0x00000007bb300000,0x00000007bb300000,0x00000007c0000000)
 ParOldGen       total 191488K, used 137248K [0x0000000740000000, 0x000000074bb00000, 0x0000000795580000)
  object space 191488K, 71% used [0x0000000740000000,0x00000007486080d0,0x000000074bb00000)
 Metaspace       used 43443K, capacity 45208K, committed 45312K, reserved 1089536K
  class space    used 5264K, capacity 5565K, committed 5632K, reserved 1048576K
Event: 71.246 GC heap after
Heap after GC invocations=27 (full 3):
 PSYoungGen      total 623616K, used 33938K [0x0000000795580000, 0x00000007c0000000, 0x00000007c0000000)
  eden space 544768K, 0% used [0x0000000795580000,0x0000000795580000,0x00000007b6980000)
  from space 78848K, 43% used [0x00000007bb300000,0x00000007bd424850,0x00000007c0000000)
  to   space 75264K, 0% used [0x00000007b6980000,0x00000007b6980000,0x00000007bb300000)
 ParOldGen       total 191488K, used 137256K [0x0000000740000000, 0x000000074bb00000, 0x0000000795580000)
  object space 191488K, 71% used [0x0000000740000000,0x000000074860a0d0,0x000000074bb00000)
 Metaspace       used 43443K, capacity 45208K, committed 45312K, reserved 1089536K
  class space    used 5264K, capacity 5565K, committed 5632K, reserved 1048576K
}
Event: 72.798 GC heap before
{Heap before GC invocations=28 (full 3):
 PSYoungGen      total 623616K, used 66204K [0x0000000795580000, 0x00000007c0000000, 0x00000007c0000000)
  eden space 544768K, 5% used [0x0000000795580000,0x0000000797502a20,0x00000007b6980000)
  from space 78848K, 43% used [0x00000007bb300000,0x00000007bd424850,0x00000007c0000000)
  to   space 75264K, 0% used [0x00000007b6980000,0x00000007b6980000,0x00000007bb300000)
 ParOldGen       total 191488K, used 137256K [0x0000000740000000, 0x000000074bb00000, 0x0000000795580000)
  object space 191488K, 71% used [0x0000000740000000,0x000000074860a0d0,0x000000074bb00000)
 Metaspace       used 43836K, capacity 45586K, committed 45656K, reserved 1089536K
  class space    used 5324K, capacity 5612K, committed 5632K, reserved 1048576K
Event: 72.833 GC heap after
Heap after GC invocations=28 (full 3):
 PSYoungGen      total 564736K, used 19670K [0x0000000795580000, 0x00000007bf780000, 0x00000007c0000000)
  eden space 544768K, 0% used [0x0000000795580000,0x0000000795580000,0x00000007b6980000)
  from space 19968K, 98% used [0x00000007b6980000,0x00000007b7cb5a10,0x00000007b7d00000)
  to   space 72704K, 0% used [0x00000007bb080000,0x00000007bb080000,0x00000007bf780000)
 ParOldGen       total 191488K, used 137264K [0x0000000740000000, 0x000000074bb00000, 0x0000000795580000)
  object space 191488K, 71% used [0x0000000740000000,0x000000074860c0d0,0x000000074bb00000)
 Metaspace       used 43836K, capacity 45586K, committed 45656K, reserved 1089536K
  class space    used 5324K, capacity 5612K, committed 5632K, reserved 1048576K
}
Event: 72.833 GC heap before
{Heap before GC invocations=29 (full 4):
 PSYoungGen      total 564736K, used 19670K [0x0000000795580000, 0x00000007bf780000, 0x00000007c0000000)
  eden space 544768K, 0% used [0x0000000795580000,0x0000000795580000,0x00000007b6980000)
  from space 19968K, 98% used [0x00000007b6980000,0x00000007b7cb5a10,0x00000007b7d00000)
  to   space 72704K, 0% used [0x00000007bb080000,0x00000007bb080000,0x00000007bf780000)
 ParOldGen       total 191488K, used 137264K [0x0000000740000000, 0x000000074bb00000, 0x0000000795580000)
  object space 191488K, 71% used [0x0000000740000000,0x000000074860c0d0,0x000000074bb00000)
 Metaspace       used 43836K, capacity 45586K, committed 45656K, reserved 1089536K
  class space    used 5324K, capacity 5612K, committed 5632K, reserved 1048576K

